1535269240223	geckodriver	INFO	geckodriver 0.21.0
1535269240223	geckodriver	INFO	Listening on 127.0.0.1:62728
1535269243239	mozrunner::runner	INFO	Running command: "C:\\Program Files\\Firefox Developer Edition\\firefox.exe" "-marionette" "-foreground" "-no-remote" "-profile" "C:\\Users\\ADMINI~1\\AppData\\Local\\Temp\\rust_mozprofile.2bbGTZ8rPgZ9"
1535269247682	Marionette	INFO	Listening on port 62736
1535269247726	Marionette	WARN	TLS certificate errors will be ignored for this session
1535269247799	Marionette	DEBUG	[6442450945] Frame script loaded
1535269247806	Marionette	DEBUG	[6442450945] Frame script registered
1535269247855	Marionette	DEBUG	[6442450945] Received DOM event beforeunload for about:blank
1535269249696	Marionette	DEBUG	[6442450945] Received DOM event pagehide for about:blank
1535269251458	Marionette	DEBUG	[6442450945] Received DOM event DOMContentLoaded for https://outlook.live.com/owa/
1535269255592	Marionette	DEBUG	[6442450945] Received DOM event pageshow for https://outlook.live.com/owa/
1535269255700	Marionette	DEBUG	[6442450945] Received DOM event beforeunload for https://outlook.live.com/owa/
1535269257339	Marionette	DEBUG	[6442450945] Received DOM event pagehide for https://outlook.live.com/owa/
1535269257340	Marionette	DEBUG	[6442450945] Received DOM event unload for https://outlook.live.com/owa/
1535269258162	Marionette	DEBUG	[6442450945] Received DOM event DOMContentLoaded for https://login.live.com/login.srf?wa=wsignin1.0&rpsnv=13&ct=1535269204&rver=6.7.6640.0&wp=MBI_SSL&wreply=https%3a%2f%2foutlook ... fnlp%3d1%26RpsCsrfState%3d162485cc-9430-87cd-d3df-040ee752c838&id=292841&CBCXT=out&lw=1&fl=dob%2cflname%2cwld&cobrandid=90015
1535269258481	Marionette	DEBUG	[6442450945] Received DOM event pageshow for https://login.live.com/login.srf?wa=wsignin1.0&rpsnv=13&ct=1535269204&rver=6.7.6640.0&wp=MBI_SSL&wreply=https%3a%2f%2foutlook ... fnlp%3d1%26RpsCsrfState%3d162485cc-9430-87cd-d3df-040ee752c838&id=292841&CBCXT=out&lw=1&fl=dob%2cflname%2cwld&cobrandid=90015
1535269258990	Marionette	DEBUG	[6442450945] Canceled page load listener because no navigation has been detected
1535269259068	Marionette	DEBUG	[6442450945] Received DOM event beforeunload for https://login.live.com/login.srf?wa=wsignin1.0&rpsnv=13&ct=1535269204&rver=6.7.6640.0&wp=MBI_SSL&wreply=https%3a%2f%2foutlook ... fnlp%3d1%26RpsCsrfState%3d162485cc-9430-87cd-d3df-040ee752c838&id=292841&CBCXT=out&lw=1&fl=dob%2cflname%2cwld&cobrandid=90015
1535269259521	Marionette	DEBUG	[6442450945] Received DOM event pagehide for https://login.live.com/login.srf?wa=wsignin1.0&rpsnv=13&ct=1535269204&rver=6.7.6640.0&wp=MBI_SSL&wreply=https%3a%2f%2foutlook ... fnlp%3d1%26RpsCsrfState%3d162485cc-9430-87cd-d3df-040ee752c838&id=292841&CBCXT=out&lw=1&fl=dob%2cflname%2cwld&cobrandid=90015
1535269259522	Marionette	DEBUG	[6442450945] Received DOM event unload for https://login.live.com/login.srf?wa=wsignin1.0&rpsnv=13&ct=1535269204&rver=6.7.6640.0&wp=MBI_SSL&wreply=https%3a%2f%2foutlook ... fnlp%3d1%26RpsCsrfState%3d162485cc-9430-87cd-d3df-040ee752c838&id=292841&CBCXT=out&lw=1&fl=dob%2cflname%2cwld&cobrandid=90015
1535269259536	Marionette	DEBUG	[6442450945] Received DOM event DOMContentLoaded for https://login.live.com/ppsecure/post.srf?wa=wsignin1.0&rpsnv=13&ct=1535269204&rver=6.7.6640.0&wp=MBI_SSL&wreply=https%3a%2f%2 ... =1&fl=dob%2cflname%2cwld&cobrandid=90015&contextid=C925749CDC136581&bk=1535269205&uaid=7affdced60a4401a818469ea98ab783e&pid=0
1535269259557	Marionette	DEBUG	[6442450945] Received DOM event beforeunload for https://login.live.com/ppsecure/post.srf?wa=wsignin1.0&rpsnv=13&ct=1535269204&rver=6.7.6640.0&wp=MBI_SSL&wreply=https%3a%2f%2 ... =1&fl=dob%2cflname%2cwld&cobrandid=90015&contextid=C925749CDC136581&bk=1535269205&uaid=7affdced60a4401a818469ea98ab783e&pid=0
1535269259562	Marionette	DEBUG	[6442450945] Received DOM event pageshow for https://login.live.com/ppsecure/post.srf?wa=wsignin1.0&rpsnv=13&ct=1535269204&rver=6.7.6640.0&wp=MBI_SSL&wreply=https%3a%2f%2 ... =1&fl=dob%2cflname%2cwld&cobrandid=90015&contextid=C925749CDC136581&bk=1535269205&uaid=7affdced60a4401a818469ea98ab783e&pid=0
1535269259606	Marionette	DEBUG	[6442450945] Received DOM event beforeunload for https://login.live.com/ppsecure/post.srf?wa=wsignin1.0&rpsnv=13&ct=1535269204&rver=6.7.6640.0&wp=MBI_SSL&wreply=https%3a%2f%2 ... =1&fl=dob%2cflname%2cwld&cobrandid=90015&contextid=C925749CDC136581&bk=1535269205&uaid=7affdced60a4401a818469ea98ab783e&pid=0
1535269260485	Marionette	DEBUG	[6442450945] Received DOM event pagehide for https://login.live.com/ppsecure/post.srf?wa=wsignin1.0&rpsnv=13&ct=1535269204&rver=6.7.6640.0&wp=MBI_SSL&wreply=https%3a%2f%2 ... =1&fl=dob%2cflname%2cwld&cobrandid=90015&contextid=C925749CDC136581&bk=1535269205&uaid=7affdced60a4401a818469ea98ab783e&pid=0
1535269260485	Marionette	DEBUG	[6442450945] Received DOM event unload for https://login.live.com/ppsecure/post.srf?wa=wsignin1.0&rpsnv=13&ct=1535269204&rver=6.7.6640.0&wp=MBI_SSL&wreply=https%3a%2f%2 ... =1&fl=dob%2cflname%2cwld&cobrandid=90015&contextid=C925749CDC136581&bk=1535269205&uaid=7affdced60a4401a818469ea98ab783e&pid=0
1535269260919	Marionette	DEBUG	[6442450945] Received DOM event DOMContentLoaded for https://www.google.com/
1535269262039	Marionette	DEBUG	[6442450945] Received DOM event pageshow for https://www.google.com/
1535269262193	Marionette	DEBUG	[6442450945] Received DOM event beforeunload for https://www.google.com/
1535269262547	Marionette	DEBUG	[6442450945] Received DOM event pagehide for https://www.google.com/
1535269262550	Marionette	DEBUG	[6442450945] Received DOM event unload for https://www.google.com/
1535269263252	Marionette	DEBUG	[6442450945] Received DOM event DOMContentLoaded for https://www.google.com/search?source=hp&ei=WFmCW6TyPMWsoAS7iYOYDA&q=Master+Chief&oq=Master+Chief&gs_l=psy-ab.12...1023.1064.0.1104.12.1.0.0.0.0.0.0..0.0....0...1c.1.64.psy-ab..12.0.0....0.SyujLnh31tE
1535269264267	Marionette	DEBUG	[6442450945] Received DOM event pageshow for https://www.google.com/search?source=hp&ei=WFmCW6TyPMWsoAS7iYOYDA&q=Master+Chief&oq=Master+Chief&gs_l=psy-ab.12...1023.1064.0.1104.12.1.0.0.0.0.0.0..0.0....0...1c.1.64.psy-ab..12.0.0....0.SyujLnh31tE
1535269264329	Marionette	DEBUG	[6442450945] Received DOM event beforeunload for https://www.google.com/search?source=hp&ei=WFmCW6TyPMWsoAS7iYOYDA&q=Master+Chief&oq=Master+Chief&gs_l=psy-ab.12...1023.1064.0.1104.12.1.0.0.0.0.0.0..0.0....0...1c.1.64.psy-ab..12.0.0....0.SyujLnh31tE
1535269264590	Marionette	DEBUG	[6442450945] Received DOM event pagehide for https://www.google.com/search?source=hp&ei=WFmCW6TyPMWsoAS7iYOYDA&q=Master+Chief&oq=Master+Chief&gs_l=psy-ab.12...1023.1064.0.1104.12.1.0.0.0.0.0.0..0.0....0...1c.1.64.psy-ab..12.0.0....0.SyujLnh31tE
1535269264596	Marionette	DEBUG	[6442450945] Received DOM event unload for https://www.google.com/search?source=hp&ei=WFmCW6TyPMWsoAS7iYOYDA&q=Master+Chief&oq=Master+Chief&gs_l=psy-ab.12...1023.1064.0.1104.12.1.0.0.0.0.0.0..0.0....0...1c.1.64.psy-ab..12.0.0....0.SyujLnh31tE
1535269265084	Marionette	DEBUG	[6442450945] Received DOM event DOMContentLoaded for https://www.google.com/
1535269265211	Marionette	DEBUG	[6442450945] Received DOM event pageshow for https://www.google.com/
1535269265323	Marionette	DEBUG	[6442450945] Received DOM event beforeunload for https://www.google.com/
1535269265566	Marionette	DEBUG	[6442450945] Received DOM event pagehide for https://www.google.com/
1535269265568	Marionette	DEBUG	[6442450945] Received DOM event unload for https://www.google.com/
1535269266392	Marionette	DEBUG	[6442450945] Received DOM event DOMContentLoaded for https://www.google.com/search?source=hp&ei=XVmCW6HzBYXXhwOb4rvgAw&q=halo&oq=halo&gs_l=psy-ab.12...210.222.0.262.4.1.0.0.0.0.0.0..0.0....0...1c.1.64.psy-ab..4.0.0....0.T1pODGS6dhg
1535269267343	Marionette	DEBUG	[6442450945] Received DOM event pageshow for https://www.google.com/search?source=hp&ei=XVmCW6HzBYXXhwOb4rvgAw&q=halo&oq=halo&gs_l=psy-ab.12...210.222.0.262.4.1.0.0.0.0.0.0..0.0....0...1c.1.64.psy-ab..4.0.0....0.T1pODGS6dhg
[Parent 25928, Gecko_IOThread] WARNING: pipe error: 109: file z:/build/build/src/ipc/chromium/src/chrome/common/ipc_channel_win.cc, line 346
[Parent 25928, Gecko_IOThread] WARNING: pipe error: 109: file z:/build/build/src/ipc/chromium/src/chrome/common/ipc_channel_win.cc, line 346
[Child 9792, Chrome_ChildThread] WARNING: pipe error: 109: file z:/build/build/src/ipc/chromium/src/chrome/common/ipc_channel_win.cc, line 346
[Child 9792, Chrome_ChildThread] WARNING: pipe error: 109: file z:/build/build/src/ipc/chromium/src/chrome/common/ipc_channel_win.cc, line 346
[Parent 25928, Gecko_IOThread] WARNING: pipe error: 109: file z:/build/build/src/ipc/chromium/src/chrome/common/ipc_channel_win.cc, line 346
1535271447073	Marionette	INFO	Stopped listening on port 62736
[GPU 921
###!!! [Child][MessageChannel::SendAndWait] Error: Channel error: cannot send/recv

pe error: 109: file z:/build/build/src/ipc/chromium/src/chrome/common/ipc_channel_win.cc, line 346
[Parent 12144, Gecko_IOThread] WARNING: pipe error: 109: file z:/build/build/src/ipc/chromium/src/chrome/common/ipc_channel_win.cc, line 346
[Parent 12144, Gecko_IOThread] WARNING: pipe error: 109: file z:/build/build/src/ipc/chromium/src/chrome/common/ipc_channel_win.cc, line 346
[Child 6940, Chrome_ChildThread] WARNING: pipe error: 232: file z:/build/build/src/ipc/chromium/src/chrome/common/ipc_channel_win.cc, line 513
[Child 6940, Chrome_ChildThread] WARNING: pipe error: 109: file z:/build/build/src/ipc/chromium/src/chrome/common/ipc_channel_win.cc, line 346
[Child 6940, Chrome_[Parent 12144, Gecko_IOThread] WARNING: pipe error: 109: file z:/build/build/src/ipc/chromium/src/chrome/common/ipc_channel_win.cc, line 346
[Child 3132, Chrome_ChildThread] WARNING: pipe error: 109: file z:/build/build/src/ipc/chromium/src/chrome/common/ipc_channel_win.cc, line 346
[Child 3132, Chrome_ChildThread] WARNING: pipe error: 109: file z:/b1535267398931	Marionette	INFO	Stopped listening on port 61751
[GPU 13700, C
###!!! [Child][MessageChannel::SendAndWait] Error: Channel error: cannot send/recv

 exception: Cannot cast object to type tab.IJsApiMessageHandler
JavaScript error: , line 0: uncaught exception: Cannot cast object to type tab.IJsApiMessageHandler
JavaScript error: , line 0: uncaught exception: Cannot cast object to type tab.IJsApiMessageHandler
JavaScript error: , line 0: uncaught exception: Cannot cast object to type tab.IJsApiMessageHandler
JavaScript warning: https://public.tableau.com/vizql/v_public-release1808090757/javascripts/vqlvizzone.debug.js, line 3115: unreachable code after return statement
JavaScript error: , line 0: uncaught exception: Cannot cast object to type tab.IJsApiMessageHandler
JavaScript error: , line 0: uncaught exception: Cannot cast object to type tab.IJsApiMessageHandler
JavaScript error: , line 0: uncaught exception: Cannot cast object to type tab.IJsApiMessageHandler
JavaScript error: , line 0: uncaught exception: Cannot cast object to type tab.IJsApiMessageHandler
JavaScript error: , line 0: uncaught exception: Cannot cast object to type tab.IJsApiMessageHandler
JavaScript error: , line 0: uncaught exception: Cannot cast object to type tab.IJsApiMessageHandler
JavaScript error: , line 0: uncaught exception: Cannot cast object to type tab.IJsApiMessageHandler
JavaScript error: , line 0: uncaught exception: Cannot cast object to type tab.IJsApiMessageHandler
JavaScript error: , line 0: uncaught exception: Cannot cast object to type tab.IJsApiMessageHandler
JavaScript error: resource:///modules/NetErrorContent.jsm, line 417: NS_ERROR_FAILURE: Component returned failure code: 0x80004005 (NS_ERROR_FAILURE) [nsIStringBundle.GetStringFromName]
JavaScript error: resource:///modules/NetErrorContent.jsm, line 417: NS_ERROR_FAILURE: Component returned failure code: 0x80004005 (NS_ERROR_FAILURE) [nsIStringBundle.GetStringFromName]
JavaScript error: resource:///modules/NetErrorContent.jsm, line 417: NS_ERROR_FAILURE: Component returned failure code: 0x80004005 (NS_ERROR_FAILURE) [nsIStringBundle.GetStringFromName]
JavaScript error: , line 0: uncaught exception: Cannot cast object to type tab.IJsApiMessageHandler
JavaScript error: resource:///modules/NetErrorContent.jsm, line 417: NS_ERROR_FAILURE: Component returned failure code: 0x80004005 (NS_ERROR_FAILURE) [nsIStringBundle.GetStringFromName]
JavaScript error: , line 0: uncaught exception: Cannot cast object to type tab.IJsApiMessageHandler
JavaScript error: , line 0: uncaught exception: Cannot cast object to type tab.IJsApiMessageHandler
JavaScript error: resource:///modules/NetErrorContent.jsm, line 417: NS_ERROR_FAILURE: Component returned failure code: 0x80004005 (NS_ERROR_FAILURE) [nsIStringBundle.GetStringFromName]
JavaScript error: , line 0: uncaught exception: Cannot cast object to type tab.IJsApiMessageHandler
JavaScript error: , line 0: uncaught exception: Cannot cast object to type tab.IJsApiMessageHandler
JavaScript error: , line 0: uncaught exception: Cannot cast object to type tab.IJsApiMessageHandler
JavaScript error: , line 0: uncaught exception: Cannot cast object to type tab.IJsApiMessageHandler
JavaScript error: resource:///modules/NetErrorContent.jsm, line 417: NS_ERROR_FAILURE: Component returned failure code: 0x80004005 (NS_ERROR_FAILURE) [nsIStringBundle.GetStringFromName]
JavaScript error: , line 0: uncaught exception: Cannot cast object to type tab.IJsApiMessageHandler
JavaScript error: , line 0: uncaught exception: Cannot cast object to type tab.IJsApiMessageHandler
JavaScript error: , line 0: uncaught exception: Cannot cast object to type tab.IJsApiMessageHandler
JavaScript error: resource:///modules/NetErrorContent.jsm, line 417: NS_ERROR_FAILURE: Component returned failure code: 0x80004005 (NS_ERROR_FAILURE) [nsIStringBundle.GetStringFromName]
JavaScript error: resource:///modules/NetErrorContent.jsm, line 417: NS_ERROR_FAILURE: Component returned failure code: 0x80004005 (NS_ERROR_FAILURE) [nsIStringBundle.GetStringFromName]
JavaScript error: resource:///modules/NetErrorContent.jsm, line 417: NS_ERROR_FAILURE: Component returned failure code: 0x80004005 (NS_ERROR_FAILURE) [nsIStringBundle.GetStringFromName]
JavaScript error: resource:///modules/NetErrorContent.jsm, line 417: NS_ERROR_FAILURE: Component returned failure code: 0x80004005 (NS_ERROR_FAILURE) [nsIStringBundle.GetStringFromName]
JavaScript error: resource:///modules/NetErrorContent.jsm, line 417: NS_ERROR_FAILURE: Component returned failure code: 0x80004005 (NS_ERROR_FAILURE) [nsIStringBundle.GetStringFromName]
JavaScript error: , line 0: uncaught exception: Cannot cast object to type tab.IJsApiMessageHandler
JavaScript error: , line 0: uncaught exception: Cannot cast object to type tab.IJsApiMessageHandler
JavaScript error: , line 0: uncaught exception: Cannot cast object to type tab.IJsApiMessageHandler
JavaScript error: , line 0: uncaught exception: Cannot cast object to type tab.IJsApiMessageHandler
JavaScript error: , line 0: uncaught exception: Cannot cast object to type tab.IJsApiMessageHandler
JavaScript error: , line 0: uncaught exception: Cannot cast object to type tab.IJsApiMessageHandler
JavaScript error: , line 0: uncaught exception: Cannot cast object to type tab.IJsApiMessageHandler
JavaScript error: , line 0: uncaught exception: Cannot cast object to type tab.IJsApiMessageHandler
IPDL protocol error: Handler returned error code!

###!!! [Parent][DispatchAsyncMessage] Error: PLayerTransaction::Msg_ReleaseLayer Processing error: message was deserialized, but the handler returned false (indicating failure)

IPDL protocol error: Handler returned error code!

###!!! [Parent][DispatchAsyncMessage] Error: PLayerTransaction::Msg_ReleaseLayer Processing error: message was deserialized, but the handler returned false (indicating failure)

IPDL protocol error: Handler returned error code!

###!!! [Parent][DispatchAsyncMessage] Error: PLayerTransaction::Msg_ReleaseLayer Processing error: message was deserialized, but the handler returned false (indicating failure)

IPDL protocol error: Handler returned error code!

###!!! [Parent][DispatchAsyncMessage] Error: PLayerTransaction::Msg_ReleaseLayer Processing error: message was deserialized, but the handler returned false (indicating failure)

IPDL protocol error: Handler returned error code!

###!!! [Parent][DispatchAsyncMessage] Error: PLayerTransaction::Msg_ReleaseLayer Processing error: message was deserialized, but the handler returned false (indicating failure)

IPDL protocol error: Handler returned error code!

###!!! [Parent][DispatchAsyncMessage] Error: PLayerTransaction::Msg_ReleaseLayer Processing error: message was deserialized, but the handler returned false (indicating failure)

IPDL protocol error: Handler returned error code!

###!!! [Parent][DispatchAsyncMessage] Error: PLayerTransaction::Msg_ReleaseLayer Processing error: message was deserialized, but the handler returned false (indicating failure)

IPDL protocol error: Handler returned error code!

###!!! [Parent][DispatchAsyncMessage] Error: PLayerTransaction::Msg_ReleaseLayer Processing error: message was deserialized, but the handler returned false (indicating failure)

IPDL protocol error: Handler returned error code!

###!!! [Parent][DispatchAsyncMessage] Error: PLayerTransaction::Msg_ReleaseLayer Processing error: message was deserialized, but the handler returned false (indicating failure)

IPDL protocol error: Handler returned error code!

###!!! [Parent][DispatchAsyncMessage] Error: PLayerTransaction::Msg_ReleaseLayer Processing error: message was deserialized, but the handler returned false (indicating failure)

IPDL protocol error: Handler returned error code!

###!!! [Parent][DispatchAsyncMessage] Error: PLayerTransaction::Msg_ReleaseLayer Processing error: message was deserialized, but the handler returned false (indicating failure)

IPDL protocol error: Handler returned error code!

###!!! [Parent][DispatchAsyncMessage] Error: PLayerTransaction::Msg_ReleaseLayer Processing error: message was deserialized, but the handler returned false (indicating failure)

IPDL protocol error: Handler returned error code!

###!!! [Parent][DispatchAsyncMessage] Error: PLayerTransaction::Msg_ReleaseLayer Processing error: message was deserialized, but the handler returned false (indicating failure)

IPDL protocol error: Handler returned error code!

###!!! [Parent][DispatchAsyncMessage] Error: PLayerTransaction::Msg_ReleaseLayer Processing error: message was deserialized, but the handler returned false (indicating failure)

IPDL protocol error: Handler returned error code!

###!!! [Parent][DispatchAsyncMessage] Error: PLayerTransaction::Msg_ReleaseLayer Processing error: message was deserialized, but the handler returned false (indicating failure)

IPDL protocol error: Handler returned error code!

###!!! [Parent][DispatchAsyncMessage] Error: PLayerTransaction::Msg_ReleaseLayer Processing error: message was deserialized, but the handler returned false (indicating failure)

IPDL protocol error: Handler returned error code!

###!!! [Parent][DispatchAsyncMessage] Error: PLayerTransaction::Msg_ReleaseLayer Processing error: message was deserialized, but the handler returned false (indicating failure)

IPDL protocol error: Handler returned error code!

###!!! [Parent][DispatchAsyncMessage] Error: PLayerTransaction::Msg_ReleaseLayer Processing error: message was deserialized, but the handler returned false (indicating failure)

IPDL protocol error: Handler returned error code!

###!!! [Parent][DispatchAsyncMessage] Error: PLayerTransaction::Msg_ReleaseLayer Processing error: message was deserialized, but the handler returned false (indicating failure)

IPDL protocol error: Handler returned error code!

###!!! [Parent][DispatchAsyncMessage] Error: PLayerTransaction::Msg_ReleaseLayer Processing error: message was deserialized, but the handler returned false (indicating failure)

IPDL protocol error: Handler returned error code!

###!!! [Parent][DispatchAsyncMessage] Error: PLayerTransaction::Msg_ReleaseLayer Processing error: message was deserialized, but the handler returned false (indicating failure)

JavaScript error: resource:///modules/ContentMetaHandler.jsm, line 156: NS_ERROR_ILLEGAL_VALUE: 
[Child 19680, Chrome_ChildThread] WARNING: pipe error: 109: file z:/build/build/src/ipc/chromium/src/chrome/common/ipc_channel_win.cc, line 346

###!!! [Child][RunMessage] Error: Channel closing: too late to send/recv, messages will be lost


###!!! [Child][RunMessage] Error: Channel closing: too late to send/recv, messages will be lost


###!!! [Child][RunMessage] Error: Channel closing: too late to send/recv, messages will be lost


###!!! [Child][RunMessage] Error: Channel closing: too late to send/recv, messages will be lost


###!!! [Child][RunMessage] Error: Channel closing: too late to send/recv, messages will be lost


###!!! [Child][RunMessage] Error: Channel closing: too late to send/recv, messages will be lost


###!!! [Child][RunMessage] Error: Channel closing: too late to send/recv, messages will be lost


###!!! [Child][RunMessage] Error: Channel closing: too late to send/recv, messages will be lost


###!!! [Child][RunMessage] Error: Channel closing: too late to send/recv, messages will be lost


###!!! [Child][RunMessage] Error: Channel closing: too late to send/recv, messages will be lost


###!!! [Child][RunMessage] Error: Channel closing: too late to send/recv, messages will be lost


###!!! [Child][MessageChannel] Error: (msgtype=0x4A000E,name=PHttpChannel::Msg_DeletingChannel) Channel closing: too late to send/recv, messages will be lost


###!!! [Child][MessageChannel] Error: (msgtype=0x4A000E,name=PHttpChannel::Msg_DeletingChannel) Channel closing: too late to send/recv, messages will be lost


###!!! [Child][MessageChannel] Error: (msgtype=0x4A000E,name=PHttpChannel::Msg_DeletingChannel) Channel closing: too late to send/recv, messages will be lost

[Parent 8264, Gecko_IOThread] WARNING: pipe error: 109: file z:/build/build/src/ipc/chromium/src/chrome/common/ipc_channel_win.cc, line 346
[Child 7800, Chrome_ChildThread] WARNING: pipe error: 109: file z:/build/build/src/ipc/chromium/src/chrome/common/ipc_channel_win.cc, line 346
[Child 7800, Chrome_Child1535262919620	Marionette	INFO	Stopped listening on port 58994
[GPU 16452
###!!! [Child][MessageChannel::SendAndWait] Error: Channel error: cannot send/recv

